<?xml version="1.0" encoding="UTF-8"?>
<!-- Generated by org.testng.reporters.JUnitReportReporter -->
<testsuite hostname="Surendhar-PC" failures="0" tests="1" name="com.testscripts.org.ShopByBrandRunner" time="70.505" errors="0" timestamp="2024-02-15T13:46:58 IST" skipped="0">
  <testcase classname="com.testscripts.org.ShopByBrandRunner" name="shopByBrands" time="70.505"/>
  <system-out/>
</testsuite> <!-- com.testscripts.org.ShopByBrandRunner -->
