<?xml version="1.0" encoding="UTF-8"?>
<!-- Generated by org.testng.reporters.JUnitReportReporter -->
<testsuite hostname="Surendhar-PC" failures="0" tests="4" name="com.testscripts.org.CreateAccountRunner" time="104.680" errors="0" timestamp="2024-02-11T19:38:10 IST" skipped="0">
  <testcase classname="com.testscripts.org.CreateAccountRunner" name="reader" time="11.163"/>
  <system-out/>
  <testcase classname="com.testscripts.org.CreateAccountRunner" name="createAccountValidCredentials" time="39.901"/>
  <system-out/>
  <testcase classname="com.testscripts.org.CreateAccountRunner" name="createAccountInvalidCredentials" time="29.573"/>
  <system-out/>
  <testcase classname="com.testscripts.org.CreateAccountRunner" name="createAccountEmptyCredentials" time="24.043"/>
  <system-out/>
</testsuite> <!-- com.testscripts.org.CreateAccountRunner -->
