<?xml version="1.0" encoding="UTF-8"?>
<!-- Generated by org.testng.reporters.JUnitReportReporter -->
<testsuite hostname="Surendhar-PC" failures="0" tests="2" name="com.testscripts.org.MenuValidationRunner" time="1.187" errors="0" timestamp="2024-02-17T11:45:26 IST" skipped="0">
  <testcase classname="com.testscripts.org.MenuValidationRunner" name="topLinkVerification" time="0.582"/>
  <system-out/>
  <testcase classname="com.testscripts.org.MenuValidationRunner" name="bottomLinkVerification" time="0.605"/>
  <system-out/>
</testsuite> <!-- com.testscripts.org.MenuValidationRunner -->
