<?xml version="1.0" encoding="UTF-8"?>
<!-- Generated by org.testng.reporters.JUnitReportReporter -->
<testsuite hostname="Surendhar-PC" failures="0" tests="1" name="com.testscripts.org.ShopByBrandRunner" time="67.095" errors="0" timestamp="2024-02-11T19:38:10 IST" skipped="0">
  <testcase classname="com.testscripts.org.ShopByBrandRunner" name="shopByBrands" time="67.095"/>
  <system-out/>
</testsuite> <!-- com.testscripts.org.ShopByBrandRunner -->
