<?xml version="1.0" encoding="UTF-8"?>
<!-- Generated by org.testng.reporters.JUnitReportReporter -->
<testsuite hostname="Surendhar-PC" failures="0" tests="3" name="com.testscripts.org.SignInRunner" time="44.466" errors="0" timestamp="2024-02-17T11:45:26 IST" skipped="0">
  <testcase classname="com.testscripts.org.SignInRunner" name="signUpValidCredentials" time="14.036"/>
  <system-out/>
  <testcase classname="com.testscripts.org.SignInRunner" name="signUpInValidCredentials" time="14.264"/>
  <system-out/>
  <testcase classname="com.testscripts.org.SignInRunner" name="signUpEmptyCredentials" time="16.166"/>
  <system-out/>
</testsuite> <!-- com.testscripts.org.SignInRunner -->
