<?xml version="1.0" encoding="UTF-8"?>
<!-- Generated by org.testng.reporters.JUnitReportReporter -->
<testsuite hostname="Surendhar-PC" failures="0" tests="1" name="com.testscripts.org.ShopByDepartmentRunner" time="54.307" errors="0" timestamp="2024-02-17T11:45:26 IST" skipped="0">
  <testcase classname="com.testscripts.org.ShopByDepartmentRunner" name="shopByDepartment" time="54.307"/>
  <system-out/>
</testsuite> <!-- com.testscripts.org.ShopByDepartmentRunner -->
