<?xml version="1.0" encoding="UTF-8"?>
<!-- Generated by org.testng.reporters.JUnitReportReporter -->
<testsuite hostname="Surendhar-PC" failures="0" tests="1" name="com.testscripts.org.ShopByDepartmentRunner" time="53.730" errors="0" timestamp="2024-02-11T19:38:10 IST" skipped="0">
  <testcase classname="com.testscripts.org.ShopByDepartmentRunner" name="shopByDepartment" time="53.730"/>
  <system-out/>
</testsuite> <!-- com.testscripts.org.ShopByDepartmentRunner -->
