<?xml version="1.0" encoding="UTF-8"?>
<!-- Generated by org.testng.reporters.JUnitReportReporter -->
<testsuite hostname="Surendhar-PC" failures="0" tests="2" name="com.testscripts.org.CreateAccountRunner" time="48.241" errors="0" timestamp="2024-02-15T14:09:12 IST" skipped="0">
  <testcase classname="com.testscripts.org.CreateAccountRunner" name="createAccountValidCredentials" time="40.054"/>
  <system-out/>
  <testcase classname="com.testscripts.org.CreateAccountRunner" name="reader" time="8.187"/>
  <system-out/>
</testsuite> <!-- com.testscripts.org.CreateAccountRunner -->
