<?xml version="1.0" encoding="UTF-8"?>
<!-- Generated by org.testng.reporters.JUnitReportReporter -->
<testsuite hostname="Surendhar-PC" failures="0" tests="1" name="com.testscripts.org.SearchItemRunner" time="60.949" errors="0" timestamp="2024-02-15T14:09:12 IST" skipped="0">
  <testcase classname="com.testscripts.org.SearchItemRunner" name="searchAddToshoppingCart" time="60.949"/>
  <system-out/>
</testsuite> <!-- com.testscripts.org.SearchItemRunner -->
