<?xml version="1.0" encoding="UTF-8"?>
<!-- Generated by org.testng.reporters.JUnitReportReporter -->
<testsuite hostname="Surendhar-PC" failures="0" tests="2" name="com.testscripts.org.MenuValidationRunner" time="1.019" errors="0" timestamp="2024-02-11T19:38:10 IST" skipped="0">
  <testcase classname="com.testscripts.org.MenuValidationRunner" name="topLinkVerification" time="0.501"/>
  <system-out/>
  <testcase classname="com.testscripts.org.MenuValidationRunner" name="bottomLinkVerification" time="0.518"/>
  <system-out/>
</testsuite> <!-- com.testscripts.org.MenuValidationRunner -->
