<?xml version="1.0" encoding="UTF-8"?>
<!-- Generated by org.testng.reporters.JUnitReportReporter -->
<testsuite hostname="Surendhar-PC" failures="0" tests="2" name="com.testscripts.org.CheckoutAndPaymentProcessRunner" time="44.627" errors="0" timestamp="2024-02-17T11:45:26 IST" skipped="0">
  <testcase classname="com.testscripts.org.CheckoutAndPaymentProcessRunner" name="checkoutLoginProcess" time="9.902"/>
  <system-out/>
  <testcase classname="com.testscripts.org.CheckoutAndPaymentProcessRunner" name="paymentInformation" time="34.725"/>
  <system-out/>
</testsuite> <!-- com.testscripts.org.CheckoutAndPaymentProcessRunner -->
