<?xml version="1.0" encoding="UTF-8"?>
<!-- Generated by org.testng.reporters.JUnitReportReporter -->
<testsuite hostname="Surendhar-PC" failures="0" tests="1" name="com.testscripts.org.ShopByDepartmentRunner" time="47.567" errors="0" timestamp="2024-02-15T13:46:58 IST" skipped="0">
  <testcase classname="com.testscripts.org.ShopByDepartmentRunner" name="shopByDepartment" time="47.567"/>
  <system-out/>
</testsuite> <!-- com.testscripts.org.ShopByDepartmentRunner -->
