<?xml version="1.0" encoding="UTF-8"?>
<!-- Generated by org.testng.reporters.JUnitReportReporter -->
<testsuite hostname="Surendhar-PC" failures="0" tests="3" name="com.testscripts.org.SignUpRunner" time="39.968" errors="0" timestamp="2024-02-11T19:38:10 IST" skipped="0">
  <testcase classname="com.testscripts.org.SignUpRunner" name="signUpValidCredentials" time="12.778"/>
  <system-out/>
  <testcase classname="com.testscripts.org.SignUpRunner" name="signUpInValidCredentials" time="12.959"/>
  <system-out/>
  <testcase classname="com.testscripts.org.SignUpRunner" name="signUpEmptyCredentials" time="14.231"/>
  <system-out/>
</testsuite> <!-- com.testscripts.org.SignUpRunner -->
