<?xml version="1.0" encoding="UTF-8"?>
<!-- Generated by org.testng.reporters.JUnitReportReporter -->
<testsuite hostname="Surendhar-PC" failures="0" tests="4" name="com.testscripts.org.CreateAccountRunner" time="71.684" errors="0" timestamp="2024-02-17T11:45:26 IST" skipped="0">
  <testcase classname="com.testscripts.org.CreateAccountRunner" name="reader" time="0.491"/>
  <system-out/>
  <testcase classname="com.testscripts.org.CreateAccountRunner" name="createAccountValidCredentials" time="34.214"/>
  <system-out/>
  <testcase classname="com.testscripts.org.CreateAccountRunner" name="createAccountInvalidCredentials" time="18.872"/>
  <system-out/>
  <testcase classname="com.testscripts.org.CreateAccountRunner" name="createAccountEmptyCredentials" time="18.107"/>
  <system-out/>
</testsuite> <!-- com.testscripts.org.CreateAccountRunner -->
