<?xml version="1.0" encoding="UTF-8"?>
<!-- Generated by org.testng.reporters.JUnitReportReporter -->
<testsuite hostname="Surendhar-PC" failures="0" tests="3" name="com.testscripts.org.SignUpRunner" time="57.742" errors="0" timestamp="2024-02-15T13:46:58 IST" skipped="0">
  <testcase classname="com.testscripts.org.SignUpRunner" name="signUpValidCredentials" time="20.323"/>
  <system-out/>
  <testcase classname="com.testscripts.org.SignUpRunner" name="signUpInValidCredentials" time="17.032"/>
  <system-out/>
  <testcase classname="com.testscripts.org.SignUpRunner" name="signUpEmptyCredentials" time="20.387"/>
  <system-out/>
</testsuite> <!-- com.testscripts.org.SignUpRunner -->
