<?xml version="1.0" encoding="UTF-8"?>
<!-- Generated by org.testng.reporters.JUnitReportReporter -->
<testsuite hostname="Surendhar-PC" failures="0" tests="2" name="com.testscripts.org.CheckoutAndPaymentProcessRunner" time="39.085" errors="0" timestamp="2024-02-11T19:38:10 IST" skipped="0">
  <testcase classname="com.testscripts.org.CheckoutAndPaymentProcessRunner" name="checkoutLoginProcess" time="8.542"/>
  <system-out/>
  <testcase classname="com.testscripts.org.CheckoutAndPaymentProcessRunner" name="paymentInformation" time="30.543"/>
  <system-out/>
</testsuite> <!-- com.testscripts.org.CheckoutAndPaymentProcessRunner -->
